[1/152] Building C object ggml/src/CMakeFiles/ggml-base.dir/ggml-alloc.c.o
FAILED: [code=1] ggml/src/CMakeFiles/ggml-base.dir/ggml-alloc.c.o 
/opt/homebrew/bin/cmake -E __run_co_compile --tidy="clang-tidy;--use-color;--extra-arg-before=--driver-mode=gcc" --source=/Users/christianstrobele/code/CrispASR/ggml/src/ggml-alloc.c -- /usr/bin/clang -DGGML_BUILD -DGGML_COMMIT=\"ba4e8c1\" -DGGML_SCHED_MAX_COPIES=4 -DGGML_SHARED -DGGML_VERSION=\"0.10.0\" -D_DARWIN_C_SOURCE -D_XOPEN_SOURCE=600 -Dggml_base_EXPORTS -I/Users/christianstrobele/code/CrispASR/ggml/src/. -I/Users/christianstrobele/code/CrispASR/ggml/src/../include -g -std=gnu11 -arch arm64 -fPIC -Wshadow -Wstrict-prototypes -Wpointer-arith -Wmissing-prototypes -Werror=implicit-int -Werror=implicit-function-declaration -Wall -Wextra -Wpedantic -Wcast-qual -Wno-unused-function -Wunreachable-code-break -Wunreachable-code-return -Wdouble-promotion -MD -MT ggml/src/CMakeFiles/ggml-base.dir/ggml-alloc.c.o -MF ggml/src/CMakeFiles/ggml-base.dir/ggml-alloc.c.o.d -o ggml/src/CMakeFiles/ggml-base.dir/ggml-alloc.c.o -c /Users/christianstrobele/code/CrispASR/ggml/src/ggml-alloc.c
Error running 'clang-tidy': no such file or directory
[2/152] Building CXX object ggml/src/CMakeFiles/ggml-base.dir/ggml-backend.cpp.o
FAILED: [code=1] ggml/src/CMakeFiles/ggml-base.dir/ggml-backend.cpp.o 
/opt/homebrew/bin/cmake -E __run_co_compile --tidy="clang-tidy;--use-color;--extra-arg-before=--driver-mode=g++" --source=/Users/christianstrobele/code/CrispASR/ggml/src/ggml-backend.cpp -- /usr/bin/clang++ -DGGML_BUILD -DGGML_COMMIT=\"ba4e8c1\" -DGGML_SCHED_MAX_COPIES=4 -DGGML_SHARED -DGGML_VERSION=\"0.10.0\" -D_DARWIN_C_SOURCE -D_XOPEN_SOURCE=600 -Dggml_base_EXPORTS -I/Users/christianstrobele/code/CrispASR/ggml/src/. -I/Users/christianstrobele/code/CrispASR/ggml/src/../include -g -std=gnu++17 -arch arm64 -fPIC -Wmissing-declarations -Wmissing-noreturn -Wall -Wextra -Wpedantic -Wcast-qual -Wno-unused-function -Wunreachable-code-break -Wunreachable-code-return -Wmissing-prototypes -Wextra-semi -MD -MT ggml/src/CMakeFiles/ggml-base.dir/ggml-backend.cpp.o -MF ggml/src/CMakeFiles/ggml-base.dir/ggml-backend.cpp.o.d -o ggml/src/CMakeFiles/ggml-base.dir/ggml-backend.cpp.o -c /Users/christianstrobele/code/CrispASR/ggml/src/ggml-backend.cpp
Error running 'clang-tidy': no such file or directory
[3/152] Building CXX object ggml/src/CMakeFiles/ggml-base.dir/ggml-threading.cpp.o
FAILED: [code=1] ggml/src/CMakeFiles/ggml-base.dir/ggml-threading.cpp.o 
/opt/homebrew/bin/cmake -E __run_co_compile --tidy="clang-tidy;--use-color;--extra-arg-before=--driver-mode=g++" --source=/Users/christianstrobele/code/CrispASR/ggml/src/ggml-threading.cpp -- /usr/bin/clang++ -DGGML_BUILD -DGGML_COMMIT=\"ba4e8c1\" -DGGML_SCHED_MAX_COPIES=4 -DGGML_SHARED -DGGML_VERSION=\"0.10.0\" -D_DARWIN_C_SOURCE -D_XOPEN_SOURCE=600 -Dggml_base_EXPORTS -I/Users/christianstrobele/code/CrispASR/ggml/src/. -I/Users/christianstrobele/code/CrispASR/ggml/src/../include -g -std=gnu++17 -arch arm64 -fPIC -Wmissing-declarations -Wmissing-noreturn -Wall -Wextra -Wpedantic -Wcast-qual -Wno-unused-function -Wunreachable-code-break -Wunreachable-code-return -Wmissing-prototypes -Wextra-semi -MD -MT ggml/src/CMakeFiles/ggml-base.dir/ggml-threading.cpp.o -MF ggml/src/CMakeFiles/ggml-base.dir/ggml-threading.cpp.o.d -o ggml/src/CMakeFiles/ggml-base.dir/ggml-threading.cpp.o -c /Users/christianstrobele/code/CrispASR/ggml/src/ggml-threading.cpp
Error running 'clang-tidy': no such file or directory
[4/152] Building CXX object ggml/src/CMakeFiles/ggml-base.dir/ggml.cpp.o
FAILED: [code=1] ggml/src/CMakeFiles/ggml-base.dir/ggml.cpp.o 
/opt/homebrew/bin/cmake -E __run_co_compile --tidy="clang-tidy;--use-color;--extra-arg-before=--driver-mode=g++" --source=/Users/christianstrobele/code/CrispASR/ggml/src/ggml.cpp -- /usr/bin/clang++ -DGGML_BUILD -DGGML_COMMIT=\"ba4e8c1\" -DGGML_SCHED_MAX_COPIES=4 -DGGML_SHARED -DGGML_VERSION=\"0.10.0\" -D_DARWIN_C_SOURCE -D_XOPEN_SOURCE=600 -Dggml_base_EXPORTS -I/Users/christianstrobele/code/CrispASR/ggml/src/. -I/Users/christianstrobele/code/CrispASR/ggml/src/../include -g -std=gnu++17 -arch arm64 -fPIC -Wmissing-declarations -Wmissing-noreturn -Wall -Wextra -Wpedantic -Wcast-qual -Wno-unused-function -Wunreachable-code-break -Wunreachable-code-return -Wmissing-prototypes -Wextra-semi -MD -MT ggml/src/CMakeFiles/ggml-base.dir/ggml.cpp.o -MF ggml/src/CMakeFiles/ggml-base.dir/ggml.cpp.o.d -o ggml/src/CMakeFiles/ggml-base.dir/ggml.cpp.o -c /Users/christianstrobele/code/CrispASR/ggml/src/ggml.cpp
Error running 'clang-tidy': no such file or directory
[5/152] Building CXX object ggml/src/CMakeFiles/ggml-base.dir/ggml-backend-meta.cpp.o
FAILED: [code=1] ggml/src/CMakeFiles/ggml-base.dir/ggml-backend-meta.cpp.o 
/opt/homebrew/bin/cmake -E __run_co_compile --tidy="clang-tidy;--use-color;--extra-arg-before=--driver-mode=g++" --source=/Users/christianstrobele/code/CrispASR/ggml/src/ggml-backend-meta.cpp -- /usr/bin/clang++ -DGGML_BUILD -DGGML_COMMIT=\"ba4e8c1\" -DGGML_SCHED_MAX_COPIES=4 -DGGML_SHARED -DGGML_VERSION=\"0.10.0\" -D_DARWIN_C_SOURCE -D_XOPEN_SOURCE=600 -Dggml_base_EXPORTS -I/Users/christianstrobele/code/CrispASR/ggml/src/. -I/Users/christianstrobele/code/CrispASR/ggml/src/../include -g -std=gnu++17 -arch arm64 -fPIC -Wmissing-declarations -Wmissing-noreturn -Wall -Wextra -Wpedantic -Wcast-qual -Wno-unused-function -Wunreachable-code-break -Wunreachable-code-return -Wmissing-prototypes -Wextra-semi -MD -MT ggml/src/CMakeFiles/ggml-base.dir/ggml-backend-meta.cpp.o -MF ggml/src/CMakeFiles/ggml-base.dir/ggml-backend-meta.cpp.o.d -o ggml/src/CMakeFiles/ggml-base.dir/ggml-backend-meta.cpp.o -c /Users/christianstrobele/code/CrispASR/ggml/src/ggml-backend-meta.cpp
Error running 'clang-tidy': no such file or directory
[6/152] Building CXX object ggml/src/CMakeFiles/ggml-base.dir/ggml-opt.cpp.o
FAILED: [code=1] ggml/src/CMakeFiles/ggml-base.dir/ggml-opt.cpp.o 
/opt/homebrew/bin/cmake -E __run_co_compile --tidy="clang-tidy;--use-color;--extra-arg-before=--driver-mode=g++" --source=/Users/christianstrobele/code/CrispASR/ggml/src/ggml-opt.cpp -- /usr/bin/clang++ -DGGML_BUILD -DGGML_COMMIT=\"ba4e8c1\" -DGGML_SCHED_MAX_COPIES=4 -DGGML_SHARED -DGGML_VERSION=\"0.10.0\" -D_DARWIN_C_SOURCE -D_XOPEN_SOURCE=600 -Dggml_base_EXPORTS -I/Users/christianstrobele/code/CrispASR/ggml/src/. -I/Users/christianstrobele/code/CrispASR/ggml/src/../include -g -std=gnu++17 -arch arm64 -fPIC -Wmissing-declarations -Wmissing-noreturn -Wall -Wextra -Wpedantic -Wcast-qual -Wno-unused-function -Wunreachable-code-break -Wunreachable-code-return -Wmissing-prototypes -Wextra-semi -MD -MT ggml/src/CMakeFiles/ggml-base.dir/ggml-opt.cpp.o -MF ggml/src/CMakeFiles/ggml-base.dir/ggml-opt.cpp.o.d -o ggml/src/CMakeFiles/ggml-base.dir/ggml-opt.cpp.o -c /Users/christianstrobele/code/CrispASR/ggml/src/ggml-opt.cpp
Error running 'clang-tidy': no such file or directory
[7/152] Building C object ggml/src/CMakeFiles/ggml-cpu.dir/ggml-cpu/ggml-cpu.c.o
FAILED: [code=1] ggml/src/CMakeFiles/ggml-cpu.dir/ggml-cpu/ggml-cpu.c.o 
/opt/homebrew/bin/cmake -E __run_co_compile --tidy="clang-tidy;--use-color;--extra-arg-before=--driver-mode=gcc" --source=/Users/christianstrobele/code/CrispASR/ggml/src/ggml-cpu/ggml-cpu.c -- /usr/bin/clang -DACCELERATE_LAPACK_ILP64 -DACCELERATE_NEW_LAPACK -DGGML_BACKEND_BUILD -DGGML_BACKEND_SHARED -DGGML_SCHED_MAX_COPIES=4 -DGGML_SHARED -DGGML_USE_ACCELERATE -DGGML_USE_CPU_REPACK -D_DARWIN_C_SOURCE -D_XOPEN_SOURCE=600 -Dggml_cpu_EXPORTS -I/Users/christianstrobele/code/CrispASR/ggml/src/.. -I/Users/christianstrobele/code/CrispASR/ggml/src/. -I/Users/christianstrobele/code/CrispASR/ggml/src/ggml-cpu -I/Users/christianstrobele/code/CrispASR/ggml/src/../include -F/Applications/Xcode.app/Contents/Developer/Platforms/MacOSX.platform/Developer/SDKs/MacOSX.sdk/System/Library/Frameworks -g -std=gnu11 -arch arm64 -fPIC -Wshadow -Wstrict-prototypes -Wpointer-arith -Wmissing-prototypes -Werror=implicit-int -Werror=implicit-function-declaration -Wall -Wextra -Wpedantic -Wcast-qual -Wno-unused-function -Wunreachable-code-break -Wunreachable-code-return -Wdouble-promotion -U__ARM_FEATURE_MATMUL_INT8 -U__ARM_FEATURE_SVE -U__ARM_FEATURE_SME -mcpu=native+dotprod+noi8mm+nosve+nosme -MD -MT ggml/src/CMakeFiles/ggml-cpu.dir/ggml-cpu/ggml-cpu.c.o -MF ggml/src/CMakeFiles/ggml-cpu.dir/ggml-cpu/ggml-cpu.c.o.d -o ggml/src/CMakeFiles/ggml-cpu.dir/ggml-cpu/ggml-cpu.c.o -c /Users/christianstrobele/code/CrispASR/ggml/src/ggml-cpu/ggml-cpu.c
Error running 'clang-tidy': no such file or directory
[8/152] Building C object ggml/src/CMakeFiles/ggml-base.dir/ggml-quants.c.o
FAILED: [code=1] ggml/src/CMakeFiles/ggml-base.dir/ggml-quants.c.o 
/opt/homebrew/bin/cmake -E __run_co_compile --tidy="clang-tidy;--use-color;--extra-arg-before=--driver-mode=gcc" --source=/Users/christianstrobele/code/CrispASR/ggml/src/ggml-quants.c -- /usr/bin/clang -DGGML_BUILD -DGGML_COMMIT=\"ba4e8c1\" -DGGML_SCHED_MAX_COPIES=4 -DGGML_SHARED -DGGML_VERSION=\"0.10.0\" -D_DARWIN_C_SOURCE -D_XOPEN_SOURCE=600 -Dggml_base_EXPORTS -I/Users/christianstrobele/code/CrispASR/ggml/src/. -I/Users/christianstrobele/code/CrispASR/ggml/src/../include -g -std=gnu11 -arch arm64 -fPIC -Wshadow -Wstrict-prototypes -Wpointer-arith -Wmissing-prototypes -Werror=implicit-int -Werror=implicit-function-declaration -Wall -Wextra -Wpedantic -Wcast-qual -Wno-unused-function -Wunreachable-code-break -Wunreachable-code-return -Wdouble-promotion -MD -MT ggml/src/CMakeFiles/ggml-base.dir/ggml-quants.c.o -MF ggml/src/CMakeFiles/ggml-base.dir/ggml-quants.c.o.d -o ggml/src/CMakeFiles/ggml-base.dir/ggml-quants.c.o -c /Users/christianstrobele/code/CrispASR/ggml/src/ggml-quants.c
Error running 'clang-tidy': no such file or directory
[9/152] Building C object ggml/src/CMakeFiles/ggml-base.dir/ggml.c.o
FAILED: [code=1] ggml/src/CMakeFiles/ggml-base.dir/ggml.c.o 
/opt/homebrew/bin/cmake -E __run_co_compile --tidy="clang-tidy;--use-color;--extra-arg-before=--driver-mode=gcc" --source=/Users/christianstrobele/code/CrispASR/ggml/src/ggml.c -- /usr/bin/clang -DGGML_BUILD -DGGML_COMMIT=\"ba4e8c1\" -DGGML_SCHED_MAX_COPIES=4 -DGGML_SHARED -DGGML_VERSION=\"0.10.0\" -D_DARWIN_C_SOURCE -D_XOPEN_SOURCE=600 -Dggml_base_EXPORTS -I/Users/christianstrobele/code/CrispASR/ggml/src/. -I/Users/christianstrobele/code/CrispASR/ggml/src/../include -g -std=gnu11 -arch arm64 -fPIC -Wshadow -Wstrict-prototypes -Wpointer-arith -Wmissing-prototypes -Werror=implicit-int -Werror=implicit-function-declaration -Wall -Wextra -Wpedantic -Wcast-qual -Wno-unused-function -Wunreachable-code-break -Wunreachable-code-return -Wdouble-promotion -MD -MT ggml/src/CMakeFiles/ggml-base.dir/ggml.c.o -MF ggml/src/CMakeFiles/ggml-base.dir/ggml.c.o.d -o ggml/src/CMakeFiles/ggml-base.dir/ggml.c.o -c /Users/christianstrobele/code/CrispASR/ggml/src/ggml.c
Error running 'clang-tidy': no such file or directory
[10/152] Building CXX object ggml/src/CMakeFiles/ggml-base.dir/gguf.cpp.o
FAILED: [code=1] ggml/src/CMakeFiles/ggml-base.dir/gguf.cpp.o 
/opt/homebrew/bin/cmake -E __run_co_compile --tidy="clang-tidy;--use-color;--extra-arg-before=--driver-mode=g++" --source=/Users/christianstrobele/code/CrispASR/ggml/src/gguf.cpp -- /usr/bin/clang++ -DGGML_BUILD -DGGML_COMMIT=\"ba4e8c1\" -DGGML_SCHED_MAX_COPIES=4 -DGGML_SHARED -DGGML_VERSION=\"0.10.0\" -D_DARWIN_C_SOURCE -D_XOPEN_SOURCE=600 -Dggml_base_EXPORTS -I/Users/christianstrobele/code/CrispASR/ggml/src/. -I/Users/christianstrobele/code/CrispASR/ggml/src/../include -g -std=gnu++17 -arch arm64 -fPIC -Wmissing-declarations -Wmissing-noreturn -Wall -Wextra -Wpedantic -Wcast-qual -Wno-unused-function -Wunreachable-code-break -Wunreachable-code-return -Wmissing-prototypes -Wextra-semi -MD -MT ggml/src/CMakeFiles/ggml-base.dir/gguf.cpp.o -MF ggml/src/CMakeFiles/ggml-base.dir/gguf.cpp.o.d -o ggml/src/CMakeFiles/ggml-base.dir/gguf.cpp.o -c /Users/christianstrobele/code/CrispASR/ggml/src/gguf.cpp
Error running 'clang-tidy': no such file or directory
ninja: build stopped: subcommand failed.
